# JRE version: OpenJDK Runtime Environment (17.0.7) (build 17.0.7+0-b2043.56-10550314)
# Java VM: OpenJDK 64-Bit Server VM (17.0.7+0-b2043.56-10550314, mixed mode, tiered, compressed oops, compressed class ptrs, g1 gc, windows-amd64)
GC Precious Log:
 CPUs: 8 total, 8 available
 Memory: 7103M
 Large Page Support: Disabled
 NUMA Support: Disabled
 Compressed Oops: Enabled (32-bit)
 Heap Region Size: 1M
 Heap Min Capacity: 8M
 Heap Initial Capacity: 112M
 Heap Max Capacity: 2G
 Pre-touch: Disabled
 Parallel Workers: 8
 Concurrent Workers: 2
 Concurrent Refinement Workers: 8
 Periodic GC: Disabled
Heap:
 garbage-first heap   total 128000K, used 102713K [0x0000000080000000, 0x0000000100000000)
  region size 1024K, 9 young (9216K), 2 survivors (2048K)
 Metaspace       used 102306K, committed 102912K, reserved 1179648K
  class space    used 13991K, committed 14272K, reserved 1048576K
GC Heap History (20 events):
Event: 39.244 GC heap before
{Heap before GC invocations=44 (full 0):
 garbage-first heap   total 128000K, used 108818K [0x0000000080000000, 0x0000000100000000)
  region size 1024K, 21 young (21504K), 2 survivors (2048K)
 Metaspace       used 88910K, committed 89472K, reserved 1179648K
  class space    used 11917K, committed 12160K, reserved 1048576K
}
Event: 39.247 GC heap after
{Heap after GC invocations=45 (full 0):
 garbage-first heap   total 128000K, used 89899K [0x0000000080000000, 0x0000000100000000)
  region size 1024K, 3 young (3072K), 3 survivors (3072K)
 Metaspace       used 88910K, committed 89472K, reserved 1179648K
  class space    used 11917K, committed 12160K, reserved 1048576K
}
Event: 40.078 GC heap before
{Heap before GC invocations=45 (full 0):
 garbage-first heap   total 128000K, used 107307K [0x0000000080000000, 0x0000000100000000)
  region size 1024K, 21 young (21504K), 3 survivors (3072K)
 Metaspace       used 90404K, committed 91008K, reserved 1179648K
  class space    used 12264K, committed 12544K, reserved 1048576K
}
Event: 40.081 GC heap after
{Heap after GC invocations=46 (full 0):
 garbage-first heap   total 128000K, used 90528K [0x0000000080000000, 0x0000000100000000)
  region size 1024K, 3 young (3072K), 3 survivors (3072K)
 Metaspace       used 90404K, committed 91008K, reserved 1179648K
  class space    used 12264K, committed 12544K, reserved 1048576K
}
Event: 40.771 GC heap before
{Heap before GC invocations=46 (full 0):
 garbage-first heap   total 128000K, used 108960K [0x0000000080000000, 0x0000000100000000)
  region size 1024K, 21 young (21504K), 3 survivors (3072K)
 Metaspace       used 91839K, committed 92416K, reserved 1179648K
  class space    used 12475K, committed 12736K, reserved 1048576K
}
Event: 40.775 GC heap after
{Heap after GC invocations=47 (full 0):
 garbage-first heap   total 128000K, used 91360K [0x0000000080000000, 0x0000000100000000)
  region size 1024K, 3 young (3072K), 3 survivors (3072K)
 Metaspace       used 91839K, committed 92416K, reserved 1179648K
  class space    used 12475K, committed 12736K, reserved 1048576K
}
Event: 42.260 GC heap before
{Heap before GC invocations=47 (full 0):
 garbage-first heap   total 128000K, used 107744K [0x0000000080000000, 0x0000000100000000)
  region size 1024K, 20 young (20480K), 3 survivors (3072K)
 Metaspace       used 93057K, committed 93696K, reserved 1179648K
  class space    used 12657K, committed 12928K, reserved 1048576K
}
Event: 42.264 GC heap after
{Heap after GC invocations=48 (full 0):
 garbage-first heap   total 128000K, used 92249K [0x0000000080000000, 0x0000000100000000)
  region size 1024K, 3 young (3072K), 3 survivors (3072K)
 Metaspace       used 93057K, committed 93696K, reserved 1179648K
  class space    used 12657K, committed 12928K, reserved 1048576K
}
Event: 43.072 GC heap before
{Heap before GC invocations=48 (full 0):
 garbage-first heap   total 128000K, used 108633K [0x0000000080000000, 0x0000000100000000)
  region size 1024K, 20 young (20480K), 3 survivors (3072K)
 Metaspace       used 94397K, committed 95040K, reserved 1179648K
  class space    used 12862K, committed 13184K, reserved 1048576K
}
Event: 43.076 GC heap after
{Heap after GC invocations=49 (full 0):
 garbage-first heap   total 128000K, used 93105K [0x0000000080000000, 0x0000000100000000)
  region size 1024K, 2 young (2048K), 2 survivors (2048K)
 Metaspace       used 94397K, committed 95040K, reserved 1179648K
  class space    used 12862K, committed 13184K, reserved 1048576K
}
Event: 44.509 GC heap before
{Heap before GC invocations=49 (full 0):
 garbage-first heap   total 128000K, used 110513K [0x0000000080000000, 0x0000000100000000)
  region size 1024K, 19 young (19456K), 2 survivors (2048K)
 Metaspace       used 96094K, committed 96640K, reserved 1179648K
  class space    used 13108K, committed 13376K, reserved 1048576K
}
Event: 44.515 GC heap after
{Heap after GC invocations=50 (full 0):
 garbage-first heap   total 128000K, used 94223K [0x0000000080000000, 0x0000000100000000)
  region size 1024K, 2 young (2048K), 2 survivors (2048K)
 Metaspace       used 96094K, committed 96640K, reserved 1179648K
  class space    used 13108K, committed 13376K, reserved 1048576K
}
Event: 45.150 GC heap before
{Heap before GC invocations=50 (full 0):
 garbage-first heap   total 128000K, used 110607K [0x0000000080000000, 0x0000000100000000)
  region size 1024K, 18 young (18432K), 2 survivors (2048K)
 Metaspace       used 97157K, committed 97792K, reserved 1179648K
  class space    used 13265K, committed 13568K, reserved 1048576K
}
Event: 45.155 GC heap after
{Heap after GC invocations=51 (full 0):
 garbage-first heap   total 128000K, used 95204K [0x0000000080000000, 0x0000000100000000)
  region size 1024K, 3 young (3072K), 3 survivors (3072K)
 Metaspace       used 97157K, committed 97792K, reserved 1179648K
  class space    used 13265K, committed 13568K, reserved 1048576K
}
Event: 45.728 GC heap before
{Heap before GC invocations=51 (full 0):
 garbage-first heap   total 128000K, used 110564K [0x0000000080000000, 0x0000000100000000)
  region size 1024K, 18 young (18432K), 3 survivors (3072K)
 Metaspace       used 98276K, committed 98944K, reserved 1179648K
  class space    used 13440K, committed 13760K, reserved 1048576K
}
Event: 45.734 GC heap after
{Heap after GC invocations=52 (full 0):
 garbage-first heap   total 128000K, used 96126K [0x0000000080000000, 0x0000000100000000)
  region size 1024K, 2 young (2048K), 2 survivors (2048K)
 Metaspace       used 98276K, committed 98944K, reserved 1179648K
  class space    used 13440K, committed 13760K, reserved 1048576K
}
Event: 46.784 GC heap before
{Heap before GC invocations=52 (full 0):
 garbage-first heap   total 128000K, used 111486K [0x0000000080000000, 0x0000000100000000)
  region size 1024K, 17 young (17408K), 2 survivors (2048K)
 Metaspace       used 99718K, committed 100352K, reserved 1179648K
  class space    used 13690K, committed 14016K, reserved 1048576K
}
Event: 46.788 GC heap after
{Heap after GC invocations=53 (full 0):
 garbage-first heap   total 128000K, used 96561K [0x0000000080000000, 0x0000000100000000)
  region size 1024K, 2 young (2048K), 2 survivors (2048K)
 Metaspace       used 99718K, committed 100352K, reserved 1179648K
  class space    used 13690K, committed 14016K, reserved 1048576K
}
Event: 47.351 GC heap before
{Heap before GC invocations=53 (full 0):
 garbage-first heap   total 128000K, used 110897K [0x0000000080000000, 0x0000000100000000)
  region size 1024K, 16 young (16384K), 2 survivors (2048K)
 Metaspace       used 101775K, committed 102464K, reserved 1179648K
  class space    used 13940K, committed 14272K, reserved 1048576K
}
Event: 47.355 GC heap after
{Heap after GC invocations=54 (full 0):
 garbage-first heap   total 128000K, used 97593K [0x0000000080000000, 0x0000000100000000)
  region size 1024K, 2 young (2048K), 2 survivors (2048K)
 Metaspace       used 101775K, committed 102464K, reserved 1179648K
  class space    used 13940K, committed 14272K, reserved 1048576K
}

